#
# There is insufficient memory for the Java Runtime Environment to continue.
# Native memory allocation (mmap) failed to map 25165824 bytes for G1 virtual space
# Possible reasons:
#   The system is out of physical RAM or swap space
#   The process is running with CompressedOops enabled, and the Java Heap may be blocking the growth of the native heap
# Possible solutions:
#   Reduce memory load on the system
#   Increase physical memory or swap space
#   Check if swap backing store is full
#   Decrease Java heap size (-Xmx/-Xms)
#   Decrease number of Java threads
#   Decrease Java thread stack sizes (-Xss)
#   Set larger code cache with -XX:ReservedCodeCacheSize=
#   JVM is running with Zero Based Compressed Oops mode in which the Java heap is
#     placed in the first 32GB address space. The Java Heap base address is the
#     maximum limit for the native heap growth. Please use -XX:HeapBaseMinAddress
#     to set the Java Heap base and to place the Java Heap above 32GB virtual address.
# This output file may be truncated or incomplete.
#
#  Out of Memory Error (os_windows.cpp:3535), pid=19412, tid=7968
#
# JRE version: Java(TM) SE Runtime Environment (17.0.3.1+2) (build 17.0.3.1+2-LTS-6)
# Java VM: Java HotSpot(TM) 64-Bit Server VM (17.0.3.1+2-LTS-6, mixed mode, emulated-client, sharing, tiered, compressed oops, compressed class ptrs, g1 gc, windows-amd64)
# No core dump will be written. Minidumps are not enabled by default on client versions of Windows
#

---------------  S U M M A R Y ------------

Command Line: -Dcom.sun.management.jmxremote -Dcom.sun.management.jmxremote.port=64619 -Dcom.sun.management.jmxremote.authenticate=false -Dcom.sun.management.jmxremote.ssl=false -Djava.rmi.server.hostname=localhost -Dspring.jmx.enabled=true -Dspring.liveBeansView.mbeanDomain -Dspring.application.admin.enabled=true -XX:TieredStopAtLevel=1 -Dspring.boot.project.name=jinwook -Dfile.encoding=UTF-8 -XX:+ShowCodeDetailsInExceptionMessages com.jinwook.home.JinwookApplication

Host: AMD Ryzen 5 Microsoft Surface (R) Edition, 12 cores, 15G,  Windows 10 , 64 bit Build 19041 (10.0.19041.1706)
Time: Thu Jun 23 10:07:57 2022  Windows 10 , 64 bit Build 19041 (10.0.19041.1706) elapsed time: 320959.294176 seconds (3d 17h 9m 19s)

---------------  T H R E A D  ---------------

Current thread (0x0000018966760e00):  VMThread "VM Thread" [stack: 0x00000053e6900000,0x00000053e6a00000] [id=7968]

Stack: [0x00000053e6900000,0x00000053e6a00000]
Native frames: (J=compiled Java code, j=interpreted, Vv=VM code, C=native code)
V  [jvm.dll+0x6711ba]
V  [jvm.dll+0x7d0834]
V  [jvm.dll+0x7d1fde]
V  [jvm.dll+0x7d2643]
V  [jvm.dll+0x242c85]
V  [jvm.dll+0x66e0d9]
V  [jvm.dll+0x662a22]
V  [jvm.dll+0x300ddb]
V  [jvm.dll+0x308376]
V  [jvm.dll+0x357f7e]
V  [jvm.dll+0x3581af]
V  [jvm.dll+0x2d7ff8]
V  [jvm.dll+0x2d62c4]
V  [jvm.dll+0x2d58cc]
V  [jvm.dll+0x31933b]
V  [jvm.dll+0x7d6b1b]
V  [jvm.dll+0x7d7854]
V  [jvm.dll+0x7d7d6c]
V  [jvm.dll+0x7d8144]
V  [jvm.dll+0x7d8210]
V  [jvm.dll+0x780aca]
V  [jvm.dll+0x670045]
C  [ucrtbase.dll+0x21bb2]
C  [KERNEL32.DLL+0x17034]
C  [ntdll.dll+0x52651]

VM_Operation (0x00000053e7afe430): G1CollectForAllocation, mode: safepoint, requested by thread 0x000001896da72040


---------------  P R O C E S S  ---------------

Threads class SMR info:
_java_thread_list=0x000001896d704e80, length=150, elements={
0x0000018966766820, 0x0000018966769bc0, 0x00000189670105c0, 0x0000018967010e80,
0x0000018967011740, 0x0000018967016830, 0x000001896701b1b0, 0x0000018967026fc0,
0x00000189671ca870, 0x00000189671c86c0, 0x00000189671ca3a0, 0x00000189671cad40,
0x00000189671c8b90, 0x00000189671c7850, 0x000001896b177aa0, 0x000001896b178de0,
0x000001896b17c7a0, 0x000001896b17dfb0, 0x000001896da75060, 0x000001896da729e0,
0x000001896da71b70, 0x000001896da72040, 0x000001896da78550, 0x000001896b17aac0,
0x000001896b17a5f0, 0x000001896da716a0, 0x000001896b178910, 0x000001896b179c50,
0x000001896b17e950, 0x000001896da75ed0, 0x000001896da77210, 0x000001896da73380,
0x00000189671c81f0, 0x000001896da73d20, 0x000001896da763a0, 0x000001896b1792b0,
0x000001896dcd9a90, 0x000001896dcd6a70, 0x000001896dcd65a0, 0x000001896dcd43f0,
0x000001896dcd90f0, 0x000001896dcd9f60, 0x000001896dcd48c0, 0x000001896dcd7410,
0x000001896dcd8280, 0x000001896da76870, 0x000001896da76d40, 0x000001896da776e0,
0x000001896dcd6f40, 0x000001896dcda430, 0x000001896dcd95c0, 0x000001896dcd78e0,
0x000001896da73850, 0x000001896dcd8c20, 0x000001896da77bb0, 0x000001896dcd4d90,
0x000001896da711d0, 0x000001896b17c2d0, 0x000001896dcd8750, 0x000001896da741f0,
0x000001896ba30440, 0x000001896ba32120, 0x000001896ba2f100, 0x000001896ba2faa0,
0x000001896ba2ff70, 0x000001896ba30910, 0x000001896ba33930, 0x000001896ba31c50,
0x000001896ba32f90, 0x000001896ba33e00, 0x000001896ba342d0, 0x000001896ba33460,
0x000001896ba31780, 0x000001896dcd5260, 0x000001896dcd5c00, 0x000001896ba347a0,
0x00000189671c7380, 0x00000189671c9060, 0x000001896dcda900, 0x000001896ba2cf50,
0x000001896ba325f0, 0x000001896ba32ac0, 0x000001896dcdadd0, 0x000001896ba2ec30,
0x000001896ba30de0, 0x000001896ba2ddc0, 0x000001896b179780, 0x000001896b17e480,
0x000001896e34ed70, 0x000001896dcd7db0, 0x000001896e34c220, 0x000001896da72510,
0x000001896b17cc70, 0x000001896fb24870, 0x000001896fb1e360, 0x000001896fb23ed0,
0x000001896fb1f6a0, 0x000001896fb221f0, 0x000001896da72eb0, 0x000001896fb1ed00,
0x000001896da78080, 0x000001896fb1fb70, 0x000001896da70d00, 0x000001896da74b90,
0x000001896b17d140, 0x000001896fb21850, 0x000001896fb226c0, 0x000001896fb22b90,
0x000001896fb1f1d0, 0x000001896fb23060, 0x000001896ba2d420, 0x000001896e34e8a0,
0x000001896dcd3f20, 0x000001896fb1de90, 0x000001896fb1d4f0, 0x000001896fb209e0,
0x000001896ba312b0, 0x000001896e34f240, 0x000001896fb20040, 0x000001896fb67870,
0x000001896ba2d8f0, 0x000001896fb66060, 0x000001896fb1e830, 0x000001896e34e3d0,
0x000001896fb686e0, 0x000001896e34bd50, 0x000001896fb66530, 0x000001896e34c6f0,
0x000001896b17d610, 0x000001896e18d0e0, 0x000001896fb68bb0, 0x000001896fb66a00,
0x000001896fb69a20, 0x000001896fb66ed0, 0x000001896fb673a0, 0x000001896fb69080,
0x000001896fb69550, 0x000001896e18b400, 0x000001896e18cc10, 0x000001896e18c270,
0x000001896e18c740, 0x000001896e18d5b0, 0x000001896e18da80, 0x000001896e18df50,
0x000001896e18e8f0, 0x000001896e18e420, 0x000001896e34f710, 0x000001896e34cbc0,
0x000001896fb23a00, 0x000001896da75a00
}

Java Threads: ( => current thread )
  0x0000018966766820 JavaThread "Reference Handler" daemon [_thread_blocked, id=21860, stack(0x00000053e6a00000,0x00000053e6b00000)]
  0x0000018966769bc0 JavaThread "Finalizer" daemon [_thread_blocked, id=10868, stack(0x00000053e6b00000,0x00000053e6c00000)]
  0x00000189670105c0 JavaThread "Signal Dispatcher" daemon [_thread_blocked, id=10496, stack(0x00000053e6c00000,0x00000053e6d00000)]
  0x0000018967010e80 JavaThread "Attach Listener" daemon [_thread_blocked, id=13208, stack(0x00000053e6d00000,0x00000053e6e00000)]
  0x0000018967011740 JavaThread "Service Thread" daemon [_thread_blocked, id=5448, stack(0x00000053e6e00000,0x00000053e6f00000)]
  0x0000018967016830 JavaThread "Monitor Deflation Thread" daemon [_thread_blocked, id=21028, stack(0x00000053e6f00000,0x00000053e7000000)]
  0x000001896701b1b0 JavaThread "C1 CompilerThread0" daemon [_thread_blocked, id=1160, stack(0x00000053e7000000,0x00000053e7100000)]
  0x0000018967026fc0 JavaThread "Sweeper thread" daemon [_thread_blocked, id=10892, stack(0x00000053e7100000,0x00000053e7200000)]
  0x00000189671ca870 JavaThread "Common-Cleaner" daemon [_thread_blocked, id=9652, stack(0x00000053e7200000,0x00000053e7300000)]
  0x00000189671c86c0 JavaThread "Notification Thread" daemon [_thread_blocked, id=20244, stack(0x00000053e7500000,0x00000053e7600000)]
  0x00000189671ca3a0 JavaThread "RMI TCP Accept-0" daemon [_thread_in_native, id=13828, stack(0x00000053e7600000,0x00000053e7700000)]
  0x00000189671cad40 JavaThread "RMI TCP Accept-64619" daemon [_thread_in_native, id=22140, stack(0x00000053e7700000,0x00000053e7800000)]
  0x00000189671c8b90 JavaThread "RMI TCP Accept-0" daemon [_thread_in_native, id=15168, stack(0x00000053e7800000,0x00000053e7900000)]
  0x00000189671c7850 JavaThread "RMI Scheduler(0)" daemon [_thread_blocked, id=8820, stack(0x00000053e8a00000,0x00000053e8b00000)]
  0x000001896b177aa0 JavaThread "mysql-cj-abandoned-connection-cleanup" daemon [_thread_blocked, id=17896, stack(0x00000053e9100000,0x00000053e9200000)]
  0x000001896b178de0 JavaThread "DestroyJavaVM" [_thread_blocked, id=1316, stack(0x00000053e6300000,0x00000053e6400000)]
  0x000001896b17c7a0 JavaThread "File Watcher" daemon [_thread_blocked, id=14792, stack(0x00000053e6100000,0x00000053e6200000)]
  0x000001896b17dfb0 JavaThread "File Watcher" daemon [_thread_blocked, id=13720, stack(0x00000053e6200000,0x00000053e6300000)]
  0x000001896da75060 JavaThread "File Watcher" daemon [_thread_blocked, id=18776, stack(0x00000053e7300000,0x00000053e7400000)]
  0x000001896da729e0 JavaThread "File Watcher" daemon [_thread_blocked, id=10476, stack(0x00000053e7400000,0x00000053e7500000)]
  0x000001896da71b70 JavaThread "File Watcher" daemon [_thread_blocked, id=15016, stack(0x00000053e8500000,0x00000053e8600000)]
  0x000001896da72040 JavaThread "File Watcher" daemon [_thread_blocked, id=5108, stack(0x00000053e7a00000,0x00000053e7b00000)]
  0x000001896da78550 JavaThread "File Watcher" daemon [_thread_blocked, id=18748, stack(0x00000053e8f00000,0x00000053e9000000)]
  0x000001896b17aac0 JavaThread "File Watcher" daemon [_thread_blocked, id=12772, stack(0x00000053e8400000,0x00000053e8500000)]
  0x000001896b17a5f0 JavaThread "File Watcher" daemon [_thread_blocked, id=15332, stack(0x00000053e9200000,0x00000053e9300000)]
  0x000001896da716a0 JavaThread "File Watcher" daemon [_thread_blocked, id=22476, stack(0x00000053e8e00000,0x00000053e8f00000)]
  0x000001896b178910 JavaThread "File Watcher" daemon [_thread_blocked, id=21412, stack(0x00000053e8800000,0x00000053e8900000)]
  0x000001896b179c50 JavaThread "File Watcher" daemon [_thread_blocked, id=19712, stack(0x00000053e9300000,0x00000053e9400000)]
  0x000001896b17e950 JavaThread "File Watcher" daemon [_thread_blocked, id=19628, stack(0x00000053e9600000,0x00000053e9700000)]
  0x000001896da75ed0 JavaThread "File Watcher" daemon [_thread_blocked, id=21004, stack(0x00000053e9700000,0x00000053e9800000)]
  0x000001896da77210 JavaThread "File Watcher" daemon [_thread_blocked, id=16220, stack(0x00000053e9400000,0x00000053e9500000)]
  0x000001896da73380 JavaThread "File Watcher" daemon [_thread_blocked, id=15364, stack(0x00000053e9000000,0x00000053e9100000)]
  0x00000189671c81f0 JavaThread "File Watcher" daemon [_thread_blocked, id=22480, stack(0x00000053e9500000,0x00000053e9600000)]
  0x000001896da73d20 JavaThread "File Watcher" daemon [_thread_blocked, id=12792, stack(0x00000053e9800000,0x00000053e9900000)]
  0x000001896da763a0 JavaThread "File Watcher" daemon [_thread_blocked, id=7852, stack(0x00000053e9a00000,0x00000053e9b00000)]
  0x000001896b1792b0 JavaThread "File Watcher" daemon [_thread_blocked, id=10084, stack(0x00000053e9900000,0x00000053e9a00000)]
  0x000001896dcd9a90 JavaThread "File Watcher" daemon [_thread_blocked, id=19524, stack(0x00000053e9b00000,0x00000053e9c00000)]
  0x000001896dcd6a70 JavaThread "File Watcher" daemon [_thread_blocked, id=13472, stack(0x00000053e9c00000,0x00000053e9d00000)]
  0x000001896dcd65a0 JavaThread "File Watcher" daemon [_thread_blocked, id=18900, stack(0x00000053e6000000,0x00000053e6100000)]
  0x000001896dcd43f0 JavaThread "File Watcher" daemon [_thread_blocked, id=20300, stack(0x00000053e9f00000,0x00000053ea000000)]
  0x000001896dcd90f0 JavaThread "File Watcher" daemon [_thread_blocked, id=20832, stack(0x00000053ea000000,0x00000053ea100000)]
  0x000001896dcd9f60 JavaThread "File Watcher" daemon [_thread_blocked, id=18600, stack(0x00000053ea100000,0x00000053ea200000)]
  0x000001896dcd48c0 JavaThread "File Watcher" daemon [_thread_blocked, id=10140, stack(0x00000053e9e00000,0x00000053e9f00000)]
  0x000001896dcd7410 JavaThread "File Watcher" daemon [_thread_blocked, id=19324, stack(0x00000053ea500000,0x00000053ea600000)]
  0x000001896dcd8280 JavaThread "File Watcher" daemon [_thread_blocked, id=22372, stack(0x00000053ea300000,0x00000053ea400000)]
  0x000001896da76870 JavaThread "File Watcher" daemon [_thread_blocked, id=22280, stack(0x00000053ea400000,0x00000053ea500000)]
  0x000001896da76d40 JavaThread "File Watcher" daemon [_thread_blocked, id=17336, stack(0x00000053ea800000,0x00000053ea900000)]
  0x000001896da776e0 JavaThread "File Watcher" daemon [_thread_blocked, id=21700, stack(0x00000053ea900000,0x00000053eaa00000)]
  0x000001896dcd6f40 JavaThread "File Watcher" daemon [_thread_blocked, id=18344, stack(0x00000053ea600000,0x00000053ea700000)]
  0x000001896dcda430 JavaThread "File Watcher" daemon [_thread_blocked, id=792, stack(0x00000053ea200000,0x00000053ea300000)]
  0x000001896dcd95c0 JavaThread "File Watcher" daemon [_thread_blocked, id=16888, stack(0x00000053ea700000,0x00000053ea800000)]
  0x000001896dcd78e0 JavaThread "File Watcher" daemon [_thread_blocked, id=16428, stack(0x00000053eaa00000,0x00000053eab00000)]
  0x000001896da73850 JavaThread "File Watcher" daemon [_thread_blocked, id=2788, stack(0x00000053eac00000,0x00000053ead00000)]
  0x000001896dcd8c20 JavaThread "File Watcher" daemon [_thread_blocked, id=20916, stack(0x00000053ead00000,0x00000053eae00000)]
  0x000001896da77bb0 JavaThread "File Watcher" daemon [_thread_blocked, id=18732, stack(0x00000053eab00000,0x00000053eac00000)]
  0x000001896dcd4d90 JavaThread "File Watcher" daemon [_thread_blocked, id=5096, stack(0x00000053eb100000,0x00000053eb200000)]
  0x000001896da711d0 JavaThread "File Watcher" daemon [_thread_blocked, id=21620, stack(0x00000053eb200000,0x00000053eb300000)]
  0x000001896b17c2d0 JavaThread "File Watcher" daemon [_thread_blocked, id=7384, stack(0x00000053e9d00000,0x00000053e9e00000)]
  0x000001896dcd8750 JavaThread "File Watcher" daemon [_thread_blocked, id=21528, stack(0x00000053eae00000,0x00000053eaf00000)]
  0x000001896da741f0 JavaThread "File Watcher" daemon [_thread_blocked, id=13784, stack(0x00000053eb300000,0x00000053eb400000)]
  0x000001896ba30440 JavaThread "File Watcher" daemon [_thread_blocked, id=11472, stack(0x00000053eb600000,0x00000053eb700000)]
  0x000001896ba32120 JavaThread "File Watcher" daemon [_thread_blocked, id=15748, stack(0x00000053eb400000,0x00000053eb500000)]
  0x000001896ba2f100 JavaThread "File Watcher" daemon [_thread_blocked, id=3884, stack(0x00000053eb700000,0x00000053eb800000)]
  0x000001896ba2faa0 JavaThread "File Watcher" daemon [_thread_blocked, id=15692, stack(0x00000053eb500000,0x00000053eb600000)]
  0x000001896ba2ff70 JavaThread "File Watcher" daemon [_thread_blocked, id=5220, stack(0x00000053eb000000,0x00000053eb100000)]
  0x000001896ba30910 JavaThread "File Watcher" daemon [_thread_blocked, id=19260, stack(0x00000053eb800000,0x00000053eb900000)]
  0x000001896ba33930 JavaThread "File Watcher" daemon [_thread_blocked, id=19040, stack(0x00000053eb900000,0x00000053eba00000)]
  0x000001896ba31c50 JavaThread "File Watcher" daemon [_thread_blocked, id=9316, stack(0x00000053eba00000,0x00000053ebb00000)]
  0x000001896ba32f90 JavaThread "File Watcher" daemon [_thread_blocked, id=6880, stack(0x00000053ebb00000,0x00000053ebc00000)]
  0x000001896ba33e00 JavaThread "File Watcher" daemon [_thread_blocked, id=5116, stack(0x00000053ebc00000,0x00000053ebd00000)]
  0x000001896ba342d0 JavaThread "File Watcher" daemon [_thread_blocked, id=10604, stack(0x00000053ebe00000,0x00000053ebf00000)]
  0x000001896ba33460 JavaThread "File Watcher" daemon [_thread_blocked, id=22092, stack(0x00000053ec100000,0x00000053ec200000)]
  0x000001896ba31780 JavaThread "File Watcher" daemon [_thread_blocked, id=21912, stack(0x00000053ebf00000,0x00000053ec000000)]
  0x000001896dcd5260 JavaThread "File Watcher" daemon [_thread_blocked, id=15036, stack(0x00000053ec000000,0x00000053ec100000)]
  0x000001896dcd5c00 JavaThread "File Watcher" daemon [_thread_blocked, id=22236, stack(0x00000053ec200000,0x00000053ec300000)]
  0x000001896ba347a0 JavaThread "File Watcher" daemon [_thread_blocked, id=4924, stack(0x00000053ec500000,0x00000053ec600000)]
  0x00000189671c7380 JavaThread "File Watcher" daemon [_thread_blocked, id=18292, stack(0x00000053ebd00000,0x00000053ebe00000)]
  0x00000189671c9060 JavaThread "File Watcher" daemon [_thread_blocked, id=13444, stack(0x00000053ec300000,0x00000053ec400000)]
  0x000001896dcda900 JavaThread "File Watcher" daemon [_thread_blocked, id=1440, stack(0x00000053ec400000,0x00000053ec500000)]
  0x000001896ba2cf50 JavaThread "File Watcher" daemon [_thread_blocked, id=11652, stack(0x00000053ec700000,0x00000053ec800000)]
  0x000001896ba325f0 JavaThread "File Watcher" daemon [_thread_blocked, id=8304, stack(0x00000053eca00000,0x00000053ecb00000)]
  0x000001896ba32ac0 JavaThread "File Watcher" daemon [_thread_blocked, id=3516, stack(0x00000053ecb00000,0x00000053ecc00000)]
  0x000001896dcdadd0 JavaThread "File Watcher" daemon [_thread_blocked, id=15708, stack(0x00000053ec800000,0x00000053ec900000)]
  0x000001896ba2ec30 JavaThread "File Watcher" daemon [_thread_blocked, id=5540, stack(0x00000053ec900000,0x00000053eca00000)]
  0x000001896ba30de0 JavaThread "File Watcher" daemon [_thread_blocked, id=6060, stack(0x00000053ecd00000,0x00000053ece00000)]
  0x000001896ba2ddc0 JavaThread "File Watcher" daemon [_thread_blocked, id=12056, stack(0x00000053ecc00000,0x00000053ecd00000)]
  0x000001896b179780 JavaThread "File Watcher" daemon [_thread_blocked, id=10244, stack(0x00000053ec600000,0x00000053ec700000)]
  0x000001896b17e480 JavaThread "File Watcher" daemon [_thread_blocked, id=6980, stack(0x00000053ece00000,0x00000053ecf00000)]
  0x000001896e34ed70 JavaThread "File Watcher" daemon [_thread_blocked, id=708, stack(0x00000053ecf00000,0x00000053ed000000)]
  0x000001896dcd7db0 JavaThread "File Watcher" daemon [_thread_blocked, id=19584, stack(0x00000053ed000000,0x00000053ed100000)]
  0x000001896e34c220 JavaThread "File Watcher" daemon [_thread_blocked, id=20668, stack(0x00000053ed100000,0x00000053ed200000)]
  0x000001896da72510 JavaThread "File Watcher" daemon [_thread_blocked, id=4036, stack(0x00000053ed300000,0x00000053ed400000)]
  0x000001896b17cc70 JavaThread "File Watcher" daemon [_thread_blocked, id=18176, stack(0x00000053ed600000,0x00000053ed700000)]
  0x000001896fb24870 JavaThread "File Watcher" daemon [_thread_blocked, id=9436, stack(0x00000053ed500000,0x00000053ed600000)]
  0x000001896fb1e360 JavaThread "File Watcher" daemon [_thread_blocked, id=2040, stack(0x00000053ed800000,0x00000053ed900000)]
  0x000001896fb23ed0 JavaThread "File Watcher" daemon [_thread_blocked, id=8804, stack(0x00000053ed400000,0x00000053ed500000)]
  0x000001896fb1f6a0 JavaThread "File Watcher" daemon [_thread_blocked, id=21976, stack(0x00000053eda00000,0x00000053edb00000)]
  0x000001896fb221f0 JavaThread "File Watcher" daemon [_thread_blocked, id=16736, stack(0x00000053edd00000,0x00000053ede00000)]
  0x000001896da72eb0 JavaThread "File Watcher" daemon [_thread_blocked, id=21136, stack(0x00000053ed200000,0x00000053ed300000)]
  0x000001896fb1ed00 JavaThread "File Watcher" daemon [_thread_blocked, id=21156, stack(0x00000053ede00000,0x00000053edf00000)]
  0x000001896da78080 JavaThread "File Watcher" daemon [_thread_blocked, id=15128, stack(0x00000053e8900000,0x00000053e8a00000)]
  0x000001896fb1fb70 JavaThread "File Watcher" daemon [_thread_blocked, id=19420, stack(0x00000053edb00000,0x00000053edc00000)]
  0x000001896da70d00 JavaThread "File Watcher" daemon [_thread_blocked, id=6876, stack(0x00000053edc00000,0x00000053edd00000)]
  0x000001896da74b90 JavaThread "File Watcher" daemon [_thread_blocked, id=18960, stack(0x00000053ed900000,0x00000053eda00000)]
  0x000001896b17d140 JavaThread "File Watcher" daemon [_thread_blocked, id=23396, stack(0x00000053edf00000,0x00000053ee000000)]
  0x000001896fb21850 JavaThread "File Watcher" daemon [_thread_blocked, id=9992, stack(0x00000053ee000000,0x00000053ee100000)]
  0x000001896fb226c0 JavaThread "File Watcher" daemon [_thread_blocked, id=7440, stack(0x00000053eaf00000,0x00000053eb000000)]
  0x000001896fb22b90 JavaThread "File Watcher" daemon [_thread_blocked, id=16620, stack(0x00000053ed700000,0x00000053ed800000)]
  0x000001896fb1f1d0 JavaThread "File Watcher" daemon [_thread_blocked, id=20404, stack(0x00000053ee100000,0x00000053ee200000)]
  0x000001896fb23060 JavaThread "File Watcher" daemon [_thread_blocked, id=21088, stack(0x00000053ee200000,0x00000053ee300000)]
  0x000001896ba2d420 JavaThread "File Watcher" daemon [_thread_blocked, id=3308, stack(0x00000053e8b00000,0x00000053e8c00000)]
  0x000001896e34e8a0 JavaThread "File Watcher" daemon [_thread_blocked, id=15804, stack(0x00000053ee300000,0x00000053ee400000)]
  0x000001896dcd3f20 JavaThread "File Watcher" daemon [_thread_blocked, id=23324, stack(0x00000053ee400000,0x00000053ee500000)]
  0x000001896fb1de90 JavaThread "File Watcher" daemon [_thread_blocked, id=6608, stack(0x00000053ee500000,0x00000053ee600000)]
  0x000001896fb1d4f0 JavaThread "File Watcher" daemon [_thread_blocked, id=3440, stack(0x00000053ee600000,0x00000053ee700000)]
  0x000001896fb209e0 JavaThread "File Watcher" daemon [_thread_blocked, id=4372, stack(0x00000053ee700000,0x00000053ee800000)]
  0x000001896ba312b0 JavaThread "File Watcher" daemon [_thread_blocked, id=7260, stack(0x00000053ee800000,0x00000053ee900000)]
  0x000001896e34f240 JavaThread "File Watcher" daemon [_thread_blocked, id=17872, stack(0x00000053eea00000,0x00000053eeb00000)]
  0x000001896fb20040 JavaThread "File Watcher" daemon [_thread_blocked, id=13812, stack(0x00000053eee00000,0x00000053eef00000)]
  0x000001896fb67870 JavaThread "File Watcher" daemon [_thread_blocked, id=3228, stack(0x00000053eeb00000,0x00000053eec00000)]
  0x000001896ba2d8f0 JavaThread "File Watcher" daemon [_thread_blocked, id=21396, stack(0x00000053eed00000,0x00000053eee00000)]
  0x000001896fb66060 JavaThread "File Watcher" daemon [_thread_blocked, id=12572, stack(0x00000053eef00000,0x00000053ef000000)]
  0x000001896fb1e830 JavaThread "File Watcher" daemon [_thread_blocked, id=19748, stack(0x00000053eec00000,0x00000053eed00000)]
  0x000001896e34e3d0 JavaThread "File Watcher" daemon [_thread_blocked, id=20528, stack(0x00000053ef000000,0x00000053ef100000)]
  0x000001896fb686e0 JavaThread "File Watcher" daemon [_thread_blocked, id=1648, stack(0x00000053ef100000,0x00000053ef200000)]
  0x000001896e34bd50 JavaThread "File Watcher" daemon [_thread_blocked, id=9736, stack(0x00000053ef500000,0x00000053ef600000)]
  0x000001896fb66530 JavaThread "File Watcher" daemon [_thread_blocked, id=21416, stack(0x00000053ef200000,0x00000053ef300000)]
  0x000001896e34c6f0 JavaThread "File Watcher" daemon [_thread_blocked, id=22240, stack(0x00000053ef300000,0x00000053ef400000)]
  0x000001896b17d610 JavaThread "File Watcher" daemon [_thread_blocked, id=16732, stack(0x00000053ef700000,0x00000053ef800000)]
  0x000001896e18d0e0 JavaThread "File Watcher" daemon [_thread_blocked, id=5792, stack(0x00000053ef600000,0x00000053ef700000)]
  0x000001896fb68bb0 JavaThread "File Watcher" daemon [_thread_blocked, id=14656, stack(0x00000053ef400000,0x00000053ef500000)]
  0x000001896fb66a00 JavaThread "Catalina-utility-1" [_thread_blocked, id=8740, stack(0x00000053ef900000,0x00000053efa00000)]
  0x000001896fb69a20 JavaThread "Catalina-utility-2" [_thread_blocked, id=19760, stack(0x00000053efa00000,0x00000053efb00000)]
  0x000001896fb66ed0 JavaThread "container-115" [_thread_blocked, id=240, stack(0x00000053efc00000,0x00000053efd00000)]
  0x000001896fb673a0 JavaThread "HikariPool-205 housekeeper" daemon [_thread_blocked, id=20536, stack(0x00000053efd00000,0x00000053efe00000)]
  0x000001896fb69080 JavaThread "HikariPool-205 connection adder" daemon [_thread_blocked, id=5508, stack(0x00000053efe00000,0x00000053eff00000)]
  0x000001896fb69550 JavaThread "lettuce-timer-375-1" daemon [_thread_blocked, id=10724, stack(0x00000053eff00000,0x00000053f0000000)]
  0x000001896e18b400 JavaThread "File Watcher" daemon [_thread_blocked, id=16304, stack(0x00000053f0000000,0x00000053f0100000)]
  0x000001896e18cc10 JavaThread "http-nio-8082-exec-1" daemon [_thread_blocked, id=8916, stack(0x00000053f0100000,0x00000053f0200000)]
  0x000001896e18c270 JavaThread "http-nio-8082-exec-2" daemon [_thread_blocked, id=19452, stack(0x00000053f0200000,0x00000053f0300000)]
  0x000001896e18c740 JavaThread "http-nio-8082-exec-3" daemon [_thread_blocked, id=14500, stack(0x00000053f0300000,0x00000053f0400000)]
  0x000001896e18d5b0 JavaThread "http-nio-8082-exec-4" daemon [_thread_blocked, id=15628, stack(0x00000053f0400000,0x00000053f0500000)]
  0x000001896e18da80 JavaThread "http-nio-8082-exec-5" daemon [_thread_blocked, id=17252, stack(0x00000053f0500000,0x00000053f0600000)]
  0x000001896e18df50 JavaThread "http-nio-8082-exec-6" daemon [_thread_blocked, id=17428, stack(0x00000053f0600000,0x00000053f0700000)]
  0x000001896e18e8f0 JavaThread "http-nio-8082-exec-7" daemon [_thread_blocked, id=22568, stack(0x00000053f0700000,0x00000053f0800000)]
  0x000001896e18e420 JavaThread "http-nio-8082-exec-8" daemon [_thread_blocked, id=20988, stack(0x00000053f0800000,0x00000053f0900000)]
  0x000001896e34f710 JavaThread "http-nio-8082-exec-9" daemon [_thread_blocked, id=22052, stack(0x00000053f0900000,0x00000053f0a00000)]
  0x000001896e34cbc0 JavaThread "http-nio-8082-exec-10" daemon [_thread_blocked, id=14272, stack(0x00000053f0a00000,0x00000053f0b00000)]
  0x000001896fb23a00 JavaThread "http-nio-8082-Poller" daemon [_thread_in_native, id=11744, stack(0x00000053f0b00000,0x00000053f0c00000)]
  0x000001896da75a00 JavaThread "http-nio-8082-Acceptor" daemon [_thread_in_native, id=1252, stack(0x00000053f0c00000,0x00000053f0d00000)]

Other Threads:
=>0x0000018966760e00 VMThread "VM Thread" [stack: 0x00000053e6900000,0x00000053e6a00000] [id=7968]
  0x000001894fc52f70 WatcherThread [stack: 0x00000053e7900000,0x00000053e7a00000] [id=21832]
  0x000001894fc36070 GCTaskThread "GC Thread#0" [stack: 0x00000053e6400000,0x00000053e6500000] [id=18540]
  0x000001896810d7c0 GCTaskThread "GC Thread#1" [stack: 0x00000053e7b00000,0x00000053e7c00000] [id=17632]
  0x000001896814fbd0 GCTaskThread "GC Thread#2" [stack: 0x00000053e7c00000,0x00000053e7d00000] [id=9920]
  0x0000018968122ec0 GCTaskThread "GC Thread#3" [stack: 0x00000053e7d00000,0x00000053e7e00000] [id=16180]
  0x000001896812fdd0 GCTaskThread "GC Thread#4" [stack: 0x00000053e7e00000,0x00000053e7f00000] [id=21892]
  0x00000189681823e0 GCTaskThread "GC Thread#5" [stack: 0x00000053e7f00000,0x00000053e8000000] [id=12244]
  0x0000018968182690 GCTaskThread "GC Thread#6" [stack: 0x00000053e8000000,0x00000053e8100000] [id=19876]
  0x000001896818a950 GCTaskThread "GC Thread#7" [stack: 0x00000053e8100000,0x00000053e8200000] [id=16988]
  0x00000189681b47f0 GCTaskThread "GC Thread#8" [stack: 0x00000053e8600000,0x00000053e8700000] [id=14492]
  0x00000189681b3a80 GCTaskThread "GC Thread#9" [stack: 0x00000053e8700000,0x00000053e8800000] [id=21124]
  0x000001894fc47610 ConcurrentGCThread "G1 Main Marker" [stack: 0x00000053e6500000,0x00000053e6600000] [id=21448]
  0x000001894fc486d0 ConcurrentGCThread "G1 Conc#0" [stack: 0x00000053e6600000,0x00000053e6700000] [id=18016]
  0x00000189681b4290 ConcurrentGCThread "G1 Conc#1" [stack: 0x00000053e8c00000,0x00000053e8d00000] [id=20976]
  0x00000189681b4540 ConcurrentGCThread "G1 Conc#2" [stack: 0x00000053e8d00000,0x00000053e8e00000] [id=308]
  0x00000189666185c0 ConcurrentGCThread "G1 Refine#0" [stack: 0x00000053e6700000,0x00000053e6800000] [id=16756]
  0x000001896811d6d0 ConcurrentGCThread "G1 Refine#1" [stack: 0x00000053e8200000,0x00000053e8300000] [id=7604]
  0x000001896812c3a0 ConcurrentGCThread "G1 Refine#2" [stack: 0x00000053e8300000,0x00000053e8400000] [id=21292]
  0x000001896661aca0 ConcurrentGCThread "G1 Service" [stack: 0x00000053e6800000,0x00000053e6900000] [id=3652]

Threads with active compile tasks:

VM state: at safepoint (normal execution)

VM Mutex/Monitor currently owned by a thread:  ([mutex/lock_event])
[0x000001894db6b310] Threads_lock - owner thread: 0x0000018966760e00
[0x000001894db6af20] Heap_lock - owner thread: 0x000001896da72040

Heap address: 0x0000000708c00000, size: 3956 MB, Compressed Oops mode: Zero based, Oop shift amount: 3

CDS archive(s) mapped at: [0x0000000800000000-0x0000000800bc0000-0x0000000800bc0000), size 12320768, SharedBaseAddress: 0x0000000800000000, ArchiveRelocationMode: 0.
Compressed class space mapped at: 0x0000000800c00000-0x0000000840c00000, reserved size: 1073741824
Narrow klass base: 0x0000000800000000, Narrow klass shift: 0, Narrow klass range: 0x100000000

GC Precious Log:
 CPUs: 12 total, 12 available
 Memory: 15823M
 Large Page Support: Disabled
 NUMA Support: Disabled
 Compressed Oops: Enabled (Zero based)
 Heap Region Size: 2M
 Heap Min Capacity: 8M
 Heap Initial Capacity: 248M
 Heap Max Capacity: 3956M
 Pre-touch: Disabled
 Parallel Workers: 10
 Concurrent Workers: 3
 Concurrent Refinement Workers: 10
 Periodic GC: Disabled

Heap:
 garbage-first heap   total 116736K, used 48003K [0x0000000708c00000, 0x0000000800000000)
  region size 2048K, 1 young (2048K), 1 survivors (2048K)
 Metaspace       used 78084K, committed 80320K, reserved 1122304K
  class space    used 10268K, committed 10944K, reserved 1048576K

Heap Regions: E=young(eden), S=young(survivor), O=old, HS=humongous(starts), HC=humongous(continues), CS=collection set, F=free, OA=open archive, CA=closed archive, TAMS=top-at-mark-start (previous, next)
|   0|0x0000000708c00000, 0x0000000708e00000, 0x0000000708e00000|100%| O|  |TAMS 0x0000000708e00000, 0x0000000708c00000| Untracked 
|   1|0x0000000708e00000, 0x0000000709000000, 0x0000000709000000|100%| O|  |TAMS 0x0000000709000000, 0x0000000708e00000| Untracked 
|   2|0x0000000709000000, 0x00000007091fff80, 0x0000000709200000| 99%| O|  |TAMS 0x00000007091fff80, 0x0000000709000000| Untracked 
|   3|0x0000000709200000, 0x0000000709400000, 0x0000000709400000|100%| O|  |TAMS 0x0000000709400000, 0x0000000709200000| Untracked 
|   4|0x0000000709400000, 0x00000007095fffe8, 0x0000000709600000| 99%| O|  |TAMS 0x00000007095fffe8, 0x0000000709400000| Untracked 
|   5|0x0000000709600000, 0x00000007097fffd8, 0x0000000709800000| 99%| O|  |TAMS 0x00000007097fffd8, 0x0000000709600000| Untracked 
|   6|0x0000000709800000, 0x00000007099ffff0, 0x0000000709a00000| 99%| O|  |TAMS 0x00000007099ffff0, 0x0000000709800000| Untracked 
|   7|0x0000000709a00000, 0x0000000709bffff8, 0x0000000709c00000| 99%| O|  |TAMS 0x0000000709bffff8, 0x0000000709a00000| Untracked 
|   8|0x0000000709c00000, 0x0000000709dffff8, 0x0000000709e00000| 99%| O|  |TAMS 0x0000000709dffff8, 0x0000000709c00000| Untracked 
|   9|0x0000000709e00000, 0x0000000709fffff8, 0x000000070a000000| 99%| O|  |TAMS 0x0000000709fffff8, 0x0000000709e00000| Untracked 
|  10|0x000000070a000000, 0x000000070a200000, 0x000000070a200000|100%| O|  |TAMS 0x000000070a200000, 0x000000070a000000| Untracked 
|  11|0x000000070a200000, 0x000000070a3fffe8, 0x000000070a400000| 99%| O|  |TAMS 0x000000070a3fffe8, 0x000000070a200000| Untracked 
|  12|0x000000070a400000, 0x000000070a400000, 0x000000070a600000|  0%| F|  |TAMS 0x000000070a400000, 0x000000070a400000| Untracked 
|  13|0x000000070a600000, 0x000000070a7c9400, 0x000000070a800000| 89%| O|  |TAMS 0x000000070a600000, 0x000000070a600000| Untracked 
|  14|0x000000070a800000, 0x000000070aa00000, 0x000000070aa00000|100%| O|  |TAMS 0x000000070a800000, 0x000000070a800000| Untracked 
|  15|0x000000070aa00000, 0x000000070aa00000, 0x000000070ac00000|  0%| F|  |TAMS 0x000000070aa00000, 0x000000070aa00000| Untracked 
|  16|0x000000070ac00000, 0x000000070ac00000, 0x000000070ae00000|  0%| F|  |TAMS 0x000000070ac00000, 0x000000070ac00000| Untracked 
|  17|0x000000070ae00000, 0x000000070ae00000, 0x000000070b000000|  0%| F|  |TAMS 0x000000070ae00000, 0x000000070ae00000| Untracked 
|  18|0x000000070b000000, 0x000000070b200000, 0x000000070b200000|100%| O|  |TAMS 0x000000070b200000, 0x000000070b000000| Untracked 
|  19|0x000000070b200000, 0x000000070b400000, 0x000000070b400000|100%| O|  |TAMS 0x000000070b400000, 0x000000070b200000| Untracked 
|  20|0x000000070b400000, 0x000000070b400000, 0x000000070b600000|  0%| F|  |TAMS 0x000000070b400000, 0x000000070b400000| Untracked 
|  21|0x000000070b600000, 0x000000070b600000, 0x000000070b800000|  0%| F|  |TAMS 0x000000070b600000, 0x000000070b600000| Untracked 
|  22|0x000000070b800000, 0x000000070b800000, 0x000000070ba00000|  0%| F|  |TAMS 0x000000070b800000, 0x000000070b800000| Untracked 
|  23|0x000000070ba00000, 0x000000070ba00000, 0x000000070bc00000|  0%| F|  |TAMS 0x000000070ba00000, 0x000000070ba00000| Untracked 
|  24|0x000000070bc00000, 0x000000070be00000, 0x000000070be00000|100%| O|  |TAMS 0x000000070be00000, 0x000000070bc00000| Untracked 
|  25|0x000000070be00000, 0x000000070be00000, 0x000000070c000000|  0%| F|  |TAMS 0x000000070be00000, 0x000000070be00000| Untracked 
|  26|0x000000070c000000, 0x000000070c200000, 0x000000070c200000|100%| O|  |TAMS 0x000000070c200000, 0x000000070c000000| Untracked 
|  27|0x000000070c200000, 0x000000070c400000, 0x000000070c400000|100%| O|  |TAMS 0x000000070c400000, 0x000000070c200000| Untracked 
|  28|0x000000070c400000, 0x000000070c600000, 0x000000070c600000|100%| O|  |TAMS 0x000000070c600000, 0x000000070c400000| Untracked 
|  29|0x000000070c600000, 0x000000070c800000, 0x000000070c800000|100%| O|  |TAMS 0x000000070c62fe00, 0x000000070c600000| Untracked 
|  30|0x000000070c800000, 0x000000070ca00000, 0x000000070ca00000|100%| O|  |TAMS 0x000000070c800000, 0x000000070c800000| Untracked 
|  31|0x000000070ca00000, 0x000000070cc00000, 0x000000070cc00000|100%| O|  |TAMS 0x000000070ca00000, 0x000000070ca00000| Untracked 
|  32|0x000000070cc00000, 0x000000070cc00000, 0x000000070ce00000|  0%| F|  |TAMS 0x000000070cc00000, 0x000000070cc00000| Untracked 
|  33|0x000000070ce00000, 0x000000070ce00000, 0x000000070d000000|  0%| F|  |TAMS 0x000000070ce00000, 0x000000070ce00000| Untracked 
|  34|0x000000070d000000, 0x000000070d000000, 0x000000070d200000|  0%| F|  |TAMS 0x000000070d000000, 0x000000070d000000| Untracked 
|  35|0x000000070d200000, 0x000000070d200000, 0x000000070d400000|  0%| F|  |TAMS 0x000000070d200000, 0x000000070d200000| Untracked 
|  36|0x000000070d400000, 0x000000070d400000, 0x000000070d600000|  0%| F|  |TAMS 0x000000070d400000, 0x000000070d400000| Untracked 
|  37|0x000000070d600000, 0x000000070d600000, 0x000000070d800000|  0%| F|  |TAMS 0x000000070d600000, 0x000000070d600000| Untracked 
|  38|0x000000070d800000, 0x000000070d800000, 0x000000070da00000|  0%| F|  |TAMS 0x000000070d800000, 0x000000070d800000| Untracked 
|  39|0x000000070da00000, 0x000000070da00000, 0x000000070dc00000|  0%| F|  |TAMS 0x000000070da00000, 0x000000070da00000| Untracked 
|  40|0x000000070dc00000, 0x000000070dc00000, 0x000000070de00000|  0%| F|  |TAMS 0x000000070dc00000, 0x000000070dc00000| Untracked 
|  41|0x000000070de00000, 0x000000070de00000, 0x000000070e000000|  0%| F|  |TAMS 0x000000070de00000, 0x000000070de00000| Untracked 
|  42|0x000000070e000000, 0x000000070e000000, 0x000000070e200000|  0%| F|  |TAMS 0x000000070e000000, 0x000000070e000000| Untracked 
|  43|0x000000070e200000, 0x000000070e200000, 0x000000070e400000|  0%| F|  |TAMS 0x000000070e200000, 0x000000070e200000| Untracked 
|  44|0x000000070e400000, 0x000000070e400000, 0x000000070e600000|  0%| F|  |TAMS 0x000000070e400000, 0x000000070e400000| Untracked 
|  45|0x000000070e600000, 0x000000070e600000, 0x000000070e800000|  0%| F|  |TAMS 0x000000070e600000, 0x000000070e600000| Untracked 
|  46|0x000000070e800000, 0x000000070e800000, 0x000000070ea00000|  0%| F|  |TAMS 0x000000070e800000, 0x000000070e800000| Untracked 
|  47|0x000000070ea00000, 0x000000070ea00000, 0x000000070ec00000|  0%| F|  |TAMS 0x000000070ea00000, 0x000000070ea00000| Untracked 
|  48|0x000000070ec00000, 0x000000070ec00000, 0x000000070ee00000|  0%| F|  |TAMS 0x000000070ec00000, 0x000000070ec00000| Untracked 
|  49|0x000000070ee00000, 0x000000070ee00000, 0x000000070f000000|  0%| F|  |TAMS 0x000000070ee00000, 0x000000070ee00000| Untracked 
|  50|0x000000070f000000, 0x000000070f000000, 0x000000070f200000|  0%| F|  |TAMS 0x000000070f000000, 0x000000070f000000| Untracked 
|  51|0x000000070f200000, 0x000000070f200000, 0x000000070f400000|  0%| F|  |TAMS 0x000000070f200000, 0x000000070f200000| Untracked 
|  52|0x000000070f400000, 0x000000070f400000, 0x000000070f600000|  0%| F|  |TAMS 0x000000070f400000, 0x000000070f400000| Untracked 
|  53|0x000000070f600000, 0x000000070f600000, 0x000000070f800000|  0%| F|  |TAMS 0x000000070f600000, 0x000000070f600000| Untracked 
|  54|0x000000070f800000, 0x000000070f917c90, 0x000000070fa00000| 54%| S|CS|TAMS 0x000000070f800000, 0x000000070f800000| Complete 
|  55|0x000000070fa00000, 0x000000070fa00000, 0x000000070fc00000|  0%| F|  |TAMS 0x000000070fa00000, 0x000000070fa00000| Untracked 
|  56|0x000000070fc00000, 0x000000070fc00000, 0x000000070fe00000|  0%| F|  |TAMS 0x000000070fc00000, 0x000000070fc00000| Untracked 

Card table byte_map: [0x000001895af30000,0x000001895b6f0000] _byte_map_base: 0x00000189576ea000

Marking Bits (Prev, Next): (CMBitMap*) 0x000001894fc375a0, (CMBitMap*) 0x000001894fc375e0
 Prev Bits: [0x000001895beb0000, 0x000001895fc80000)
 Next Bits: [0x000001895fc80000, 0x0000018963a50000)

Polling page: 0x000001894dd10000

Metaspace:

Usage:
  Non-class:     66.23 MB used.
      Class:     10.03 MB used.
       Both:     76.25 MB used.

Virtual space:
  Non-class space:       72.00 MB reserved,      67.75 MB ( 94%) committed,  9 nodes.
      Class space:        1.00 GB reserved,      10.69 MB (  1%) committed,  1 nodes.
             Both:        1.07 GB reserved,      78.44 MB (  7%) committed. 

Chunk freelists:
   Non-Class:  5.34 MB
       Class:  1.54 MB
        Both:  6.88 MB

MaxMetaspaceSize: unlimited
CompressedClassSpaceSize: 1.00 GB
Initial GC threshold: 21.00 MB
Current GC threshold: 133.88 MB
CDS: on
MetaspaceReclaimPolicy: balanced
 - commit_granule_bytes: 65536.
 - commit_granule_words: 8192.
 - virtual_space_node_default_size: 1048576.
 - enlarge_chunks_in_place: 1.
 - new_chunks_are_fully_committed: 0.
 - uncommit_free_chunks: 1.
 - use_allocation_guard: 0.
 - handle_deallocations: 1.


Internal statistics:

num_allocs_failed_limit: 9.
num_arena_births: 21528.
num_arena_deaths: 20534.
num_vsnodes_births: 11.
num_vsnodes_deaths: 1.
num_space_committed: 1720.
num_space_uncommitted: 465.
num_chunks_returned_to_freelist: 36237.
num_chunks_taken_from_freelist: 40254.
num_chunk_merges: 6248.
num_chunk_splits: 9882.
num_chunks_enlarged: 3844.
num_purges: 928.
num_inconsistent_stats: 0.

CodeCache: size=49152Kb used=41439Kb max_used=46880Kb free=7712Kb
 bounds [0x0000018957420000, 0x000001895a1f0000, 0x000001895a420000]
 total_blobs=19376 nmethods=18679 adapters=623
 compilation: enabled
              stopped_count=0, restarted_count=0
 full_count=0

Compilation events (20 events):
Event: 320956.065 Thread 0x000001896701b1b0 50484   !   1       org.apache.tomcat.util.http.parser.HttpParser::isAlpha (9 bytes)
Event: 320956.066 Thread 0x000001896701b1b0 nmethod 50484 0x0000018959c01390 code [0x0000018959c01520, 0x0000018959c01678]
Event: 320956.068 Thread 0x000001896701b1b0 50485       1       org.springframework.web.servlet.handler.AbstractHandlerMapping::getOrder (5 bytes)
Event: 320956.069 Thread 0x000001896701b1b0 nmethod 50485 0x0000018959cb2790 code [0x0000018959cb2920, 0x0000018959cb2a18]
Event: 320956.845 Thread 0x000001896701b1b0 50486       1       org.apache.jasper.compiler.JspReader::peekChar (34 bytes)
Event: 320956.845 Thread 0x000001896701b1b0 nmethod 50486 0x0000018959cc1910 code [0x0000018959cc1aa0, 0x0000018959cc1bd8]
Event: 320957.321 Thread 0x000001896701b1b0 50487       1       java.nio.CharBuffer::position (6 bytes)
Event: 320957.321 Thread 0x000001896701b1b0 nmethod 50487 0x0000018959cca710 code [0x0000018959cca8a0, 0x0000018959cca988]
Event: 320957.323 Thread 0x000001896701b1b0 50488       1       java.nio.CharBuffer::limit (6 bytes)
Event: 320957.324 Thread 0x000001896701b1b0 nmethod 50488 0x0000018959cdee90 code [0x0000018959cdf020, 0x0000018959cdf108]
Event: 320957.684 Thread 0x000001896701b1b0 50489   !   1       java.nio.DirectByteBuffer::get (34 bytes)
Event: 320957.685 Thread 0x000001896701b1b0 nmethod 50489 0x000001895972ae10 code [0x000001895972afe0, 0x000001895972b2a8]
Event: 320957.990 Thread 0x000001896701b1b0 50490   !   1       org.eclipse.jdt.internal.compiler.lookup.BinaryTypeBinding::superclass (196 bytes)
Event: 320957.991 Thread 0x000001896701b1b0 nmethod 50490 0x0000018959f9cc10 code [0x0000018959f9ce00, 0x0000018959f9d278]
Event: 320958.192 Thread 0x000001896701b1b0 50491       1       org.apache.tomcat.util.http.parser.HttpParser$DomainParseState::mayContinue (5 bytes)
Event: 320958.193 Thread 0x000001896701b1b0 nmethod 50491 0x0000018959ce5c10 code [0x0000018959ce5da0, 0x0000018959ce5e78]
Event: 320958.279 Thread 0x000001896701b1b0 50492       1       org.apache.jasper.compiler.Node$Visitor::visit (6 bytes)
Event: 320958.279 Thread 0x000001896701b1b0 nmethod 50492 0x0000018959d1b810 code [0x0000018959d1b9a0, 0x0000018959d1ba88]
Event: 320958.692 Thread 0x000001896701b1b0 50493       1       org.apache.tomcat.util.http.parser.HttpParser$DomainParseState::next (234 bytes)
Event: 320958.694 Thread 0x000001896701b1b0 nmethod 50493 0x0000018959560510 code [0x0000018959560800, 0x0000018959561758]

GC Heap History (20 events):
Event: 320950.744 GC heap after
{Heap after GC invocations=14881 (full 89):
 garbage-first heap   total 116736K, used 56791K [0x0000000708c00000, 0x0000000800000000)
  region size 2048K, 2 young (4096K), 2 survivors (4096K)
 Metaspace       used 78842K, committed 79872K, reserved 1122304K
  class space    used 10361K, committed 10944K, reserved 1048576K
}
Event: 320952.047 GC heap before
{Heap before GC invocations=14881 (full 89):
 garbage-first heap   total 116736K, used 89559K [0x0000000708c00000, 0x0000000800000000)
  region size 2048K, 18 young (36864K), 2 survivors (4096K)
 Metaspace       used 78849K, committed 79872K, reserved 1122304K
  class space    used 10362K, committed 10944K, reserved 1048576K
}
Event: 320952.051 GC heap after
{Heap after GC invocations=14882 (full 89):
 garbage-first heap   total 116736K, used 57456K [0x0000000708c00000, 0x0000000800000000)
  region size 2048K, 2 young (4096K), 2 survivors (4096K)
 Metaspace       used 78849K, committed 79872K, reserved 1122304K
  class space    used 10362K, committed 10944K, reserved 1048576K
}
Event: 320954.732 GC heap before
{Heap before GC invocations=14882 (full 89):
 garbage-first heap   total 116736K, used 90224K [0x0000000708c00000, 0x0000000800000000)
  region size 2048K, 18 young (36864K), 2 survivors (4096K)
 Metaspace       used 78862K, committed 79872K, reserved 1122304K
  class space    used 10363K, committed 10944K, reserved 1048576K
}
Event: 320954.737 GC heap after
{Heap after GC invocations=14883 (full 89):
 garbage-first heap   total 116736K, used 57905K [0x0000000708c00000, 0x0000000800000000)
  region size 2048K, 2 young (4096K), 2 survivors (4096K)
 Metaspace       used 78862K, committed 79872K, reserved 1122304K
  class space    used 10363K, committed 10944K, reserved 1048576K
}
Event: 320955.051 GC heap before
{Heap before GC invocations=14883 (full 89):
 garbage-first heap   total 116736K, used 88625K [0x0000000708c00000, 0x0000000800000000)
  region size 2048K, 18 young (36864K), 2 survivors (4096K)
 Metaspace       used 79077K, committed 80064K, reserved 1122304K
  class space    used 10384K, committed 10944K, reserved 1048576K
}
Event: 320955.054 GC heap after
{Heap after GC invocations=14884 (full 89):
 garbage-first heap   total 116736K, used 58817K [0x0000000708c00000, 0x0000000800000000)
  region size 2048K, 2 young (4096K), 2 survivors (4096K)
 Metaspace       used 79077K, committed 80064K, reserved 1122304K
  class space    used 10384K, committed 10944K, reserved 1048576K
}
Event: 320955.127 GC heap before
{Heap before GC invocations=14884 (full 89):
 garbage-first heap   total 116736K, used 89537K [0x0000000708c00000, 0x0000000800000000)
  region size 2048K, 18 young (36864K), 2 survivors (4096K)
 Metaspace       used 79077K, committed 80064K, reserved 1122304K
  class space    used 10384K, committed 10944K, reserved 1048576K
}
Event: 320955.130 GC heap after
{Heap after GC invocations=14885 (full 89):
 garbage-first heap   total 116736K, used 58905K [0x0000000708c00000, 0x0000000800000000)
  region size 2048K, 2 young (4096K), 2 survivors (4096K)
 Metaspace       used 79077K, committed 80064K, reserved 1122304K
  class space    used 10384K, committed 10944K, reserved 1048576K
}
Event: 320955.535 GC heap before
{Heap before GC invocations=14885 (full 89):
 garbage-first heap   total 116736K, used 89625K [0x0000000708c00000, 0x0000000800000000)
  region size 2048K, 18 young (36864K), 2 survivors (4096K)
 Metaspace       used 79201K, committed 80192K, reserved 1122304K
  class space    used 10394K, committed 10944K, reserved 1048576K
}
Event: 320955.540 GC heap after
{Heap after GC invocations=14886 (full 89):
 garbage-first heap   total 116736K, used 60741K [0x0000000708c00000, 0x0000000800000000)
  region size 2048K, 3 young (6144K), 3 survivors (6144K)
 Metaspace       used 79201K, committed 80192K, reserved 1122304K
  class space    used 10394K, committed 10944K, reserved 1048576K
}
Event: 320957.051 GC heap before
{Heap before GC invocations=14886 (full 89):
 garbage-first heap   total 116736K, used 89413K [0x0000000708c00000, 0x0000000800000000)
  region size 2048K, 18 young (36864K), 3 survivors (6144K)
 Metaspace       used 79279K, committed 80256K, reserved 1122304K
  class space    used 10400K, committed 10944K, reserved 1048576K
}
Event: 320957.058 GC heap after
{Heap after GC invocations=14887 (full 89):
 garbage-first heap   total 116736K, used 62577K [0x0000000708c00000, 0x0000000800000000)
  region size 2048K, 3 young (6144K), 3 survivors (6144K)
 Metaspace       used 79279K, committed 80256K, reserved 1122304K
  class space    used 10400K, committed 10944K, reserved 1048576K
}
Event: 320957.705 GC heap before
{Heap before GC invocations=14887 (full 89):
 garbage-first heap   total 116736K, used 87153K [0x0000000708c00000, 0x0000000800000000)
  region size 2048K, 16 young (32768K), 3 survivors (6144K)
 Metaspace       used 79330K, committed 80320K, reserved 1122304K
  class space    used 10402K, committed 10944K, reserved 1048576K
}
Event: 320957.712 GC heap after
{Heap after GC invocations=14888 (full 89):
 garbage-first heap   total 116736K, used 63418K [0x0000000708c00000, 0x0000000800000000)
  region size 2048K, 2 young (4096K), 2 survivors (4096K)
 Metaspace       used 79330K, committed 80320K, reserved 1122304K
  class space    used 10402K, committed 10944K, reserved 1048576K
}
Event: 320958.808 GC heap before
{Heap before GC invocations=14889 (full 89):
 garbage-first heap   total 116736K, used 86935K [0x0000000708c00000, 0x0000000800000000)
  region size 2048K, 15 young (30720K), 2 survivors (4096K)
 Metaspace       used 78084K, committed 80320K, reserved 1122304K
  class space    used 10268K, committed 10944K, reserved 1048576K
}
Event: 320958.811 GC heap after
{Heap after GC invocations=14890 (full 89):
 garbage-first heap   total 116736K, used 63263K [0x0000000708c00000, 0x0000000800000000)
  region size 2048K, 2 young (4096K), 2 survivors (4096K)
 Metaspace       used 78084K, committed 80320K, reserved 1122304K
  class space    used 10268K, committed 10944K, reserved 1048576K
}
Event: 320959.057 GC heap before
{Heap before GC invocations=14890 (full 89):
 garbage-first heap   total 116736K, used 65311K [0x0000000708c00000, 0x0000000800000000)
  region size 2048K, 3 young (6144K), 2 survivors (4096K)
 Metaspace       used 78084K, committed 80320K, reserved 1122304K
  class space    used 10268K, committed 10944K, reserved 1048576K
}
Event: 320959.061 GC heap after
{Heap after GC invocations=14891 (full 89):
 garbage-first heap   total 116736K, used 52858K [0x0000000708c00000, 0x0000000800000000)
  region size 2048K, 1 young (2048K), 1 survivors (2048K)
 Metaspace       used 78084K, committed 80320K, reserved 1122304K
  class space    used 10268K, committed 10944K, reserved 1048576K
}
Event: 320959.280 GC heap before
{Heap before GC invocations=14891 (full 89):
 garbage-first heap   total 116736K, used 54906K [0x0000000708c00000, 0x0000000800000000)
  region size 2048K, 2 young (4096K), 1 survivors (2048K)
 Metaspace       used 78084K, committed 80320K, reserved 1122304K
  class space    used 10268K, committed 10944K, reserved 1048576K
}

Deoptimization events (20 events):
Event: 320955.313 Thread 0x000001896fb68210 DEOPT PACKING pc=0x00000189584d4b1b sp=0x00000053ef8f37d0
Event: 320955.313 Thread 0x000001896fb68210 DEOPT UNPACKING pc=0x0000018957472b43 sp=0x00000053ef8f2c70 mode 3
Event: 320955.608 Thread 0x000001896fb68210 DEOPT PACKING pc=0x0000018957660b3c sp=0x00000053ef8fcb20
Event: 320955.608 Thread 0x000001896fb68210 DEOPT UNPACKING pc=0x0000018957472b43 sp=0x00000053ef8fbfb0 mode 3
Event: 320955.616 Thread 0x000001896fb68210 DEOPT PACKING pc=0x000001895995f391 sp=0x00000053ef8fba40
Event: 320955.616 Thread 0x000001896fb68210 DEOPT UNPACKING pc=0x0000018957472b43 sp=0x00000053ef8faee0 mode 3
Event: 320955.887 Thread 0x000001896fb68210 DEOPT PACKING pc=0x0000018959ddafda sp=0x00000053ef8fd3e0
Event: 320955.887 Thread 0x000001896fb68210 DEOPT UNPACKING pc=0x0000018957472b43 sp=0x00000053ef8fc888 mode 3
Event: 320956.810 Thread 0x000001896e18df50 DEOPT PACKING pc=0x0000018957eedfcf sp=0x00000053f06fb200
Event: 320956.810 Thread 0x000001896e18df50 DEOPT UNPACKING pc=0x0000018957472b43 sp=0x00000053f06fa690 mode 3
Event: 320957.320 Thread 0x000001896e18df50 DEOPT PACKING pc=0x000001895768fca1 sp=0x00000053f06fa2c0
Event: 320957.320 Thread 0x000001896e18df50 DEOPT UNPACKING pc=0x0000018957472b43 sp=0x00000053f06f9768 mode 3
Event: 320957.320 Thread 0x000001896e18df50 DEOPT PACKING pc=0x000001895781b221 sp=0x00000053f06fa5d0
Event: 320957.320 Thread 0x000001896e18df50 DEOPT UNPACKING pc=0x0000018957472b43 sp=0x00000053f06f9a78 mode 3
Event: 320957.602 Thread 0x000001896e18df50 DEOPT PACKING pc=0x0000018957ebee01 sp=0x00000053f06f8d70
Event: 320957.602 Thread 0x000001896e18df50 DEOPT UNPACKING pc=0x0000018957472b43 sp=0x00000053f06f8298 mode 3
Event: 320957.967 Thread 0x000001896e18df50 DEOPT PACKING pc=0x00000189581df291 sp=0x00000053f06f9ca0
Event: 320957.986 Thread 0x000001896e18df50 DEOPT UNPACKING pc=0x0000018957472b43 sp=0x00000053f06f9160 mode 3
Event: 320958.278 Thread 0x000001896e18df50 DEOPT PACKING pc=0x0000018957e6979c sp=0x00000053f06fa940
Event: 320958.278 Thread 0x000001896e18df50 DEOPT UNPACKING pc=0x0000018957472b43 sp=0x00000053f06f9dd8 mode 3

Classes unloaded (20 events):
Event: 320957.771 Thread 0x0000018966760e00 Unloading class 0x00000008016c53b8 'com/jinwook/home/web/admin/AdminRestController'
Event: 320957.771 Thread 0x0000018966760e00 Unloading class 0x00000008016c5190 'com/jinwook/home/web/admin/AdminController'
Event: 320957.771 Thread 0x0000018966760e00 Unloading class 0x00000008016c4e30 'com/jinwook/home/service/user/UserServiceImpl'
Event: 320957.771 Thread 0x0000018966760e00 Unloading class 0x00000008016c4c38 'com/jinwook/home/service/user/UserService'
Event: 320957.772 Thread 0x0000018966760e00 Unloading class 0x00000008016c4a20 'com/jinwook/home/service/user/KakaoService'
Event: 320957.772 Thread 0x0000018966760e00 Unloading class 0x00000008016c4708 'com/jinwook/home/service/store/StoreServiceImpl'
Event: 320957.772 Thread 0x0000018966760e00 Unloading class 0x00000008016c4510 'com/jinwook/home/service/store/StoreService'
Event: 320957.772 Thread 0x0000018966760e00 Unloading class 0x00000008016c41f8 'com/jinwook/home/service/request/RequestServiceImpl'
Event: 320957.772 Thread 0x0000018966760e00 Unloading class 0x00000008016c4000 'com/jinwook/home/service/request/RequestService'
Event: 320957.772 Thread 0x0000018966760e00 Unloading class 0x0000000801694c40 'com/jinwook/home/service/orders/OrdersServiceImpl'
Event: 320957.772 Thread 0x0000018966760e00 Unloading class 0x0000000801694a48 'com/jinwook/home/service/orders/OrdersService'
Event: 320957.772 Thread 0x0000018966760e00 Unloading class 0x00000008016944a0 'com/jinwook/home/service/board/BoardServiceImpl'
Event: 320957.772 Thread 0x0000018966760e00 Unloading class 0x00000008016942a8 'com/jinwook/home/service/board/BoardService'
Event: 320957.772 Thread 0x0000018966760e00 Unloading class 0x0000000801694000 'com/jinwook/home/service/admin/AdminServiceImpl'
Event: 320957.772 Thread 0x0000018966760e00 Unloading class 0x00000008015a8d68 'com/jinwook/home/service/admin/AdminService'
Event: 320957.772 Thread 0x0000018966760e00 Unloading class 0x00000008015a8a30 'com/jinwook/home/configuration/MvcConfiguration'
Event: 320957.772 Thread 0x0000018966760e00 Unloading class 0x00000008015a8800 'com/jinwook/home/configuration/DBConfiguration'
Event: 320957.772 Thread 0x0000018966760e00 Unloading class 0x00000008016cd478 'com/jinwook/home/common/UiUtils'
Event: 320957.772 Thread 0x0000018966760e00 Unloading class 0x00000008016cd250 'com/jinwook/home/common/FileUtils'
Event: 320957.772 Thread 0x0000018966760e00 Unloading class 0x00000008016cd000 'com/jinwook/home/JinwookApplication'

Classes redefined (0 events):
No events

Internal exceptions (20 events):
Event: 320957.315 Thread 0x000001896e18df50 Exception <a 'java/lang/ClassNotFoundException'{0x000000070f35ab48}: javax/servlet/jsp/jstl/core/ConditionalTagSupportCustomizer> (0x000000070f35ab48) 
thrown [t:\workspace\open\src\hotspot\share\classfile\systemDictionary.cpp, line 256]
Event: 320957.318 Thread 0x000001896e18df50 Exception <a 'java/lang/ClassNotFoundException'{0x000000070f36c0d0}: org/apache/taglibs/standard/tag/rt/core/IfTagCustomizer> (0x000000070f36c0d0) 
thrown [t:\workspace\open\src\hotspot\share\classfile\systemDictionary.cpp, line 256]
Event: 320957.325 Thread 0x000001896e18df50 Exception <a 'java/lang/ArrayIndexOutOfBoundsException'{0x000000070f08fd98}> (0x000000070f08fd98) 
thrown [t:\workspace\open\src\hotspot\share\runtime\sharedRuntime.cpp, line 628]
Event: 320957.632 Thread 0x000001896e18df50 Exception <a 'java/lang/ClassNotFoundException'{0x000000070e4faa20}: com/jinwook/home/service/domain/StoreBeanInfo> (0x000000070e4faa20) 
thrown [t:\workspace\open\src\hotspot\share\classfile\systemDictionary.cpp, line 256]
Event: 320957.636 Thread 0x000001896e18df50 Exception <a 'java/lang/ClassNotFoundException'{0x000000070e503a30}: com/jinwook/home/service/domain/CommonDTOBeanInfo> (0x000000070e503a30) 
thrown [t:\workspace\open\src\hotspot\share\classfile\systemDictionary.cpp, line 256]
Event: 320957.643 Thread 0x000001896e18df50 Exception <a 'java/lang/ClassNotFoundException'{0x000000070e51ac50}: com/jinwook/home/common/CriteriaBeanInfo> (0x000000070e51ac50) 
thrown [t:\workspace\open\src\hotspot\share\classfile\systemDictionary.cpp, line 256]
Event: 320957.648 Thread 0x000001896e18df50 Exception <a 'java/lang/ClassNotFoundException'{0x000000070e523838}: com/jinwook/home/common/CriteriaCustomizer> (0x000000070e523838) 
thrown [t:\workspace\open\src\hotspot\share\classfile\systemDictionary.cpp, line 256]
Event: 320957.651 Thread 0x000001896e18df50 Exception <a 'java/lang/ClassNotFoundException'{0x000000070e54be60}: com/jinwook/home/service/domain/CommonDTOCustomizer> (0x000000070e54be60) 
thrown [t:\workspace\open\src\hotspot\share\classfile\systemDictionary.cpp, line 256]
Event: 320957.654 Thread 0x000001896e18df50 Exception <a 'java/lang/ClassNotFoundException'{0x000000070e557478}: com/jinwook/home/service/domain/StoreCustomizer> (0x000000070e557478) 
thrown [t:\workspace\open\src\hotspot\share\classfile\systemDictionary.cpp, line 256]
Event: 320957.662 Thread 0x000001896e18df50 Exception <a 'java/lang/ClassNotFoundException'{0x000000070e596848}: com/jinwook/home/service/domain/UserBeanInfo> (0x000000070e596848) 
thrown [t:\workspace\open\src\hotspot\share\classfile\systemDictionary.cpp, line 256]
Event: 320957.666 Thread 0x000001896e18df50 Exception <a 'java/lang/ClassNotFoundException'{0x000000070e5a58b0}: com/jinwook/home/service/domain/UserCustomizer> (0x000000070e5a58b0) 
thrown [t:\workspace\open\src\hotspot\share\classfile\systemDictionary.cpp, line 256]
Event: 320957.723 Thread 0x000001896e18df50 Exception <a 'java/lang/ArrayIndexOutOfBoundsException'{0x000000070fd64528}> (0x000000070fd64528) 
thrown [t:\workspace\open\src\hotspot\share\runtime\sharedRuntime.cpp, line 628]
Event: 320958.264 Thread 0x000001896e18df50 Exception <a 'java/lang/ClassNotFoundException'{0x000000070f1c10a8}: com/jinwook/home/common/PaginationInfoBeanInfo> (0x000000070f1c10a8) 
thrown [t:\workspace\open\src\hotspot\share\classfile\systemDictionary.cpp, line 256]
Event: 320958.268 Thread 0x000001896e18df50 Exception <a 'java/lang/ClassNotFoundException'{0x000000070f1cac98}: com/jinwook/home/common/PaginationInfoCustomizer> (0x000000070f1cac98) 
thrown [t:\workspace\open\src\hotspot\share\classfile\systemDictionary.cpp, line 256]
Event: 320958.282 Thread 0x000001896e18df50 Exception <a 'java/lang/ArrayIndexOutOfBoundsException'{0x000000070eef4420}> (0x000000070eef4420) 
thrown [t:\workspace\open\src\hotspot\share\runtime\sharedRuntime.cpp, line 628]
Event: 320958.681 Thread 0x000001896e34f710 Exception <a 'java/net/SocketException'{0x000000070e47f0c0}: Connection reset by peer: shutdown> (0x000000070e47f0c0) 
thrown [t:\workspace\open\src\hotspot\share\prims\jni.cpp, line 535]
Event: 320958.690 Thread 0x000001896e34cbc0 Exception <a 'java/net/SocketException'{0x000000070e7f7058}: Connection reset by peer: shutdown> (0x000000070e7f7058) 
thrown [t:\workspace\open\src\hotspot\share\prims\jni.cpp, line 535]
Event: 320958.727 Thread 0x000001896e18da80 Exception <a 'java/net/SocketException'{0x000000070e41ebc8}: Connection reset by peer: shutdown> (0x000000070e41ebc8) 
thrown [t:\workspace\open\src\hotspot\share\prims\jni.cpp, line 535]
Event: 320958.737 Thread 0x000001896e34f710 Exception <a 'java/net/SocketException'{0x000000070e482b20}: Connection reset by peer: shutdown> (0x000000070e482b20) 
thrown [t:\workspace\open\src\hotspot\share\prims\jni.cpp, line 535]
Event: 320958.768 Thread 0x000001896e18c270 Exception <a 'java/net/SocketException'{0x000000070e5c06c0}: Connection reset by peer: shutdown> (0x000000070e5c06c0) 
thrown [t:\workspace\open\src\hotspot\share\prims\jni.cpp, line 535]

VM Operations (20 events):
Event: 320955.401 Executing VM operation: ICBufferFull done
Event: 320955.410 Executing VM operation: ICBufferFull
Event: 320955.411 Executing VM operation: ICBufferFull done
Event: 320955.507 Executing VM operation: G1CollectForAllocation
Event: 320955.543 Executing VM operation: G1CollectForAllocation done
Event: 320956.547 Executing VM operation: Cleanup
Event: 320956.547 Executing VM operation: Cleanup done
Event: 320957.050 Executing VM operation: G1CollectForAllocation
Event: 320957.059 Executing VM operation: G1CollectForAllocation done
Event: 320957.688 Executing VM operation: G1CollectForAllocation
Event: 320957.716 Executing VM operation: G1CollectForAllocation done
Event: 320957.764 Executing VM operation: G1Concurrent
Event: 320957.832 Executing VM operation: G1Concurrent done
Event: 320957.854 Executing VM operation: G1Concurrent
Event: 320957.862 Executing VM operation: G1Concurrent done
Event: 320958.808 Executing VM operation: G1CollectForAllocation
Event: 320958.812 Executing VM operation: G1CollectForAllocation done
Event: 320959.057 Executing VM operation: G1CollectForAllocation
Event: 320959.062 Executing VM operation: G1CollectForAllocation done
Event: 320959.280 Executing VM operation: G1CollectForAllocation

Events (20 events):
Event: 320955.933 Thread 0x000001896e18e8f0 Thread added: 0x000001896e18e8f0
Event: 320955.933 Thread 0x000001896e18e420 Thread added: 0x000001896e18e420
Event: 320955.933 Thread 0x000001896e34f710 Thread added: 0x000001896e34f710
Event: 320955.934 Thread 0x000001896e34cbc0 Thread added: 0x000001896e34cbc0
Event: 320955.939 Thread 0x000001896fb23a00 Thread added: 0x000001896fb23a00
Event: 320955.939 Thread 0x000001896da75a00 Thread added: 0x000001896da75a00
Event: 320955.963 Thread 0x000001896fb68210 Thread exited: 0x000001896fb68210
Event: 320955.963 Thread 0x000001896e18b8d0 Thread exited: 0x000001896e18b8d0
Event: 320956.104 loading class java/lang/ObjectCustomizer
Event: 320956.104 loading class java/lang/ObjectCustomizer done
Event: 320956.106 loading class java/lang/ObjectCustomizer
Event: 320956.106 loading class java/lang/ObjectCustomizer done
Event: 320956.889 loading class java/lang/ObjectBeanInfo
Event: 320956.889 loading class java/lang/ObjectBeanInfo done
Event: 320956.891 loading class java/lang/ObjectBeanInfo
Event: 320956.891 loading class java/lang/ObjectBeanInfo done
Event: 320956.891 loading class java/lang/ObjectCustomizer
Event: 320956.891 loading class java/lang/ObjectCustomizer done
Event: 320956.895 loading class java/lang/ObjectCustomizer
Event: 320956.895 loading class java/lang/ObjectCustomizer done


Dynamic libraries:
0x00007ff6775d0000 - 0x00007ff6775e0000 	C:\Program Files\Java\jdk-17.0.3.1\bin\javaw.exe
0x00007ff9eeed0000 - 0x00007ff9ef0c5000 	C:\windows\SYSTEM32\ntdll.dll
0x00007ff9ed330000 - 0x00007ff9ed3ed000 	C:\windows\System32\KERNEL32.DLL
0x00007ff9ecbb0000 - 0x00007ff9ece7d000 	C:\windows\System32\KERNELBASE.dll
0x00007ff9ec9f0000 - 0x00007ff9ecaf0000 	C:\windows\System32\ucrtbase.dll
0x00007ff9e6120000 - 0x00007ff9e613a000 	C:\Program Files\Java\jdk-17.0.3.1\bin\VCRUNTIME140.dll
0x00007ff9e2960000 - 0x00007ff9e2978000 	C:\Program Files\Java\jdk-17.0.3.1\bin\jli.dll
0x00007ff9eea90000 - 0x00007ff9eeb3e000 	C:\windows\System32\ADVAPI32.dll
0x00007ff9ee9f0000 - 0x00007ff9eea8e000 	C:\windows\System32\msvcrt.dll
0x00007ff9ed210000 - 0x00007ff9ed2ac000 	C:\windows\System32\sechost.dll
0x00007ff9ee200000 - 0x00007ff9ee325000 	C:\windows\System32\RPCRT4.dll
0x00007ff9ecf90000 - 0x00007ff9ed130000 	C:\windows\System32\USER32.dll
0x00007ff9e00f0000 - 0x00007ff9e038a000 	C:\windows\WinSxS\amd64_microsoft.windows.common-controls_6595b64144ccf1df_6.0.19041.1110_none_60b5254171f9507e\COMCTL32.dll
0x00007ff9ed490000 - 0x00007ff9ed4ba000 	C:\windows\System32\GDI32.dll
0x00007ff9ec5e0000 - 0x00007ff9ec602000 	C:\windows\System32\win32u.dll
0x00007ff9ec800000 - 0x00007ff9ec90b000 	C:\windows\System32\gdi32full.dll
0x00007ff9ece80000 - 0x00007ff9ecf1d000 	C:\windows\System32\msvcp_win.dll
0x00007ff9e0670000 - 0x00007ff9e067a000 	C:\windows\SYSTEM32\VERSION.dll
0x00007ff9ee1d0000 - 0x00007ff9ee200000 	C:\windows\System32\IMM32.DLL
0x00007ff9e67d0000 - 0x00007ff9e67dc000 	C:\Program Files\Java\jdk-17.0.3.1\bin\vcruntime140_1.dll
0x00007ff9cea70000 - 0x00007ff9ceafd000 	C:\Program Files\Java\jdk-17.0.3.1\bin\msvcp140.dll
0x00007ff9b5730000 - 0x00007ff9b62f0000 	C:\Program Files\Java\jdk-17.0.3.1\bin\server\jvm.dll
0x00007ff9ecf20000 - 0x00007ff9ecf28000 	C:\windows\System32\PSAPI.DLL
0x00007ff9debb0000 - 0x00007ff9debd7000 	C:\windows\SYSTEM32\WINMM.dll
0x00007ff9e6110000 - 0x00007ff9e6119000 	C:\windows\SYSTEM32\WSOCK32.dll
0x00007ff9eecf0000 - 0x00007ff9eed5b000 	C:\windows\System32\WS2_32.dll
0x00007ff9eae30000 - 0x00007ff9eae42000 	C:\windows\SYSTEM32\kernel.appcore.dll
0x00007ff9e6160000 - 0x00007ff9e616a000 	C:\Program Files\Java\jdk-17.0.3.1\bin\jimage.dll
0x00007ff9ea300000 - 0x00007ff9ea4e4000 	C:\windows\SYSTEM32\DBGHELP.DLL
0x00007ff9e04c0000 - 0x00007ff9e04ec000 	C:\windows\SYSTEM32\dbgcore.DLL
0x00007ff9ec770000 - 0x00007ff9ec7f2000 	C:\windows\System32\bcryptPrimitives.dll
0x00007ff9dff00000 - 0x00007ff9dff25000 	C:\Program Files\Java\jdk-17.0.3.1\bin\java.dll
0x00007ff9bfd40000 - 0x00007ff9bfe16000 	C:\Program Files\Java\jdk-17.0.3.1\bin\jsvml.dll
0x00007ff9ed820000 - 0x00007ff9edf64000 	C:\windows\System32\SHELL32.dll
0x00007ff9ea680000 - 0x00007ff9eae14000 	C:\windows\SYSTEM32\windows.storage.dll
0x00007ff9ed4c0000 - 0x00007ff9ed814000 	C:\windows\System32\combase.dll
0x00007ff9ebfd0000 - 0x00007ff9ebffc000 	C:\windows\SYSTEM32\Wldp.dll
0x00007ff9ee3f0000 - 0x00007ff9ee49d000 	C:\windows\System32\SHCORE.dll
0x00007ff9ee390000 - 0x00007ff9ee3e5000 	C:\windows\System32\shlwapi.dll
0x00007ff9ec520000 - 0x00007ff9ec53f000 	C:\windows\SYSTEM32\profapi.dll
0x00007ff9dc7c0000 - 0x00007ff9dc7d9000 	C:\Program Files\Java\jdk-17.0.3.1\bin\net.dll
0x00007ff9e6c00000 - 0x00007ff9e6d0a000 	C:\windows\SYSTEM32\WINHTTP.dll
0x00007ff9ebd30000 - 0x00007ff9ebd9a000 	C:\windows\system32\mswsock.dll
0x00007ff9dc4c0000 - 0x00007ff9dc4d6000 	C:\Program Files\Java\jdk-17.0.3.1\bin\nio.dll
0x00007ff9dfb00000 - 0x00007ff9dfb18000 	C:\Program Files\Java\jdk-17.0.3.1\bin\zip.dll
0x00007ff9dc4e0000 - 0x00007ff9dc4e9000 	C:\Program Files\Java\jdk-17.0.3.1\bin\management.dll
0x00007ff9dc380000 - 0x00007ff9dc38b000 	C:\Program Files\Java\jdk-17.0.3.1\bin\management_ext.dll
0x00007ff9d2e40000 - 0x00007ff9d2e57000 	C:\windows\system32\napinsp.dll
0x00007ff9d1b60000 - 0x00007ff9d1b7b000 	C:\windows\system32\pnrpnsp.dll
0x00007ff9e6d10000 - 0x00007ff9e6d25000 	C:\windows\system32\wshbth.dll
0x00007ff9e6da0000 - 0x00007ff9e6dbd000 	C:\windows\system32\NLAapi.dll
0x00007ff9eba20000 - 0x00007ff9eba5b000 	C:\windows\SYSTEM32\IPHLPAPI.DLL
0x00007ff9eba60000 - 0x00007ff9ebb2b000 	C:\windows\SYSTEM32\DNSAPI.dll
0x00007ff9ed3f0000 - 0x00007ff9ed3f8000 	C:\windows\System32\NSI.dll
0x00007ff9d1b40000 - 0x00007ff9d1b52000 	C:\windows\System32\winrnr.dll
0x00007ff9e48e0000 - 0x00007ff9e48ea000 	C:\Windows\System32\rasadhlp.dll
0x00007ff9e40a0000 - 0x00007ff9e4120000 	C:\windows\System32\fwpuclnt.dll
0x00007ff9ec9c0000 - 0x00007ff9ec9e7000 	C:\windows\System32\bcrypt.dll
0x00007ff9ebf30000 - 0x00007ff9ebf48000 	C:\windows\SYSTEM32\CRYPTSP.dll
0x00007ff9eb680000 - 0x00007ff9eb6b4000 	C:\windows\system32\rsaenh.dll
0x00007ff9ec4e0000 - 0x00007ff9ec50e000 	C:\windows\SYSTEM32\USERENV.dll
0x00007ff9ebf20000 - 0x00007ff9ebf2c000 	C:\windows\SYSTEM32\CRYPTBASE.dll
0x00007ff9e49e0000 - 0x00007ff9e49f7000 	C:\windows\SYSTEM32\dhcpcsvc6.DLL
0x00007ff9e5080000 - 0x00007ff9e509d000 	C:\windows\SYSTEM32\dhcpcsvc.DLL
0x00007ff9e44c0000 - 0x00007ff9e44d0000 	C:\Program Files\Java\jdk-17.0.3.1\bin\verify.dll
0x00007ff9e04f0000 - 0x00007ff9e04fe000 	C:\Program Files\Java\jdk-17.0.3.1\bin\sunmscapi.dll
0x00007ff9ec610000 - 0x00007ff9ec766000 	C:\windows\System32\CRYPT32.dll
0x00007ff9ec040000 - 0x00007ff9ec067000 	C:\windows\SYSTEM32\ncrypt.dll
0x00007ff9ec000000 - 0x00007ff9ec03b000 	C:\windows\SYSTEM32\NTASN1.dll
0x00007ff9d16a0000 - 0x00007ff9d16a7000 	C:\windows\system32\wshunix.dll
0x00007ff9d7c80000 - 0x00007ff9d7e6c000 	C:\windows\system32\urlmon.dll
0x00007ff9d6cd0000 - 0x00007ff9d6f81000 	C:\windows\SYSTEM32\iertutil.dll
0x00007ff9d6b70000 - 0x00007ff9d6b98000 	C:\windows\SYSTEM32\srvcli.dll
0x00007ff9ebb30000 - 0x00007ff9ebb3c000 	C:\windows\SYSTEM32\netutils.dll

dbghelp: loaded successfully - version: 4.0.5 - missing functions: none
symbol engine: initialized successfully - sym options: 0x614 - pdb path: .;C:\Program Files\Java\jdk-17.0.3.1\bin;C:\windows\SYSTEM32;C:\windows\WinSxS\amd64_microsoft.windows.common-controls_6595b64144ccf1df_6.0.19041.1110_none_60b5254171f9507e;C:\Program Files\Java\jdk-17.0.3.1\bin\server

VM Arguments:
jvm_args: -Dcom.sun.management.jmxremote -Dcom.sun.management.jmxremote.port=64619 -Dcom.sun.management.jmxremote.authenticate=false -Dcom.sun.management.jmxremote.ssl=false -Djava.rmi.server.hostname=localhost -Dspring.jmx.enabled=true -Dspring.liveBeansView.mbeanDomain -Dspring.application.admin.enabled=true -XX:TieredStopAtLevel=1 -Dspring.boot.project.name=jinwook -Dfile.encoding=UTF-8 -XX:+ShowCodeDetailsInExceptionMessages 
java_command: com.jinwook.home.JinwookApplication
java_class_path (initial): C:\Users\ghdtj\git\jinwook\jinwook\bin\main;C:\Users\ghdtj\.gradle\caches\modules-2\files-2.1\org.springframework.boot\spring-boot-configuration-processor\2.7.0\d8b66c3d68ff21cb10bb908cd873c4a6ecd8880f\spring-boot-configuration-processor-2.7.0.jar;C:\Users\ghdtj\.gradle\caches\modules-2\files-2.1\org.projectlombok\lombok\1.18.24\13a394eed5c4f9efb2a6d956e2086f1d81e857d9\lombok-1.18.24.jar;C:\Users\ghdtj\.gradle\caches\modules-2\files-2.1\net.coobird\thumbnailator\0.4.8\4f10c440dd7776630aee9da4611a45032db1e041\thumbnailator-0.4.8.jar;C:\Users\ghdtj\.gradle\caches\modules-2\files-2.1\org.imgscalr\imgscalr-lib\4.2\e2838f7119361511ef7d54fe0d502bf07f3325eb\imgscalr-lib-4.2.jar;C:\Users\ghdtj\.gradle\caches\modules-2\files-2.1\org.apache.tomcat.embed\tomcat-embed-jasper\9.0.63\a4642054732725c2b850ff236747ddfaf4774b17\tomcat-embed-jasper-9.0.63.jar;C:\Users\ghdtj\.gradle\caches\modules-2\files-2.1\javax.servlet\jstl\1.2\74aca283cd4f4b4f3e425f5820cda58f44409547\jstl-1.2.jar;C:\Users\ghdtj\.gradle\caches\modules-2\files-2.1\org.springframework.boot\spring-boot-starter-data-redis\2.7.0\c508d65a05b363823c483f064f6733d55c3a1fbf\spring-boot-starter-data-redis-2.7.0.jar;C:\Users\ghdtj\.gradle\caches\modules-2\files-2.1\org.springframework.boot\spring-boot-starter-mail\2.7.0\da149d0f70362ff5aa049cc46adec01e4c9e9835\spring-boot-starter-mail-2.7.0.jar;C:\Users\ghdtj\.gradle\caches\modules-2\files-2.1\org.springframework.boot\spring-boot-starter-data-jpa\2.7.0\773d8c4fbe92493655f4c7db3a2d95388b8f6eb8\spring-boot-starter-data-jpa-2.7.0.jar;C:\Users\ghdtj\.gradle\caches\modules-2\files-2.1\org.springframework.boot\spring-boot-starter-web\2.7.0\7bf2381d030023970b5375c1090545e480467aa1\spring-boot-starter-web-2.7.0.jar;C:\Users\ghdtj\.gradle\caches\modules-2\files-2.1\org.mybatis.spring.boot\mybatis-spring-boot-starter\2.1.1\8f37962345ae7752f0fb1a831ae932a6b55326a7\mybatis-spring-boot-starter-2.1.1.jar;C:\Users\ghdtj\.gradle\caches\modules-2\files-2.1\org.bgee
Launcher Type: SUN_STANDARD

[Global flags]
     intx CICompilerCount                          = 4                                         {product} {ergonomic}
     uint ConcGCThreads                            = 3                                         {product} {ergonomic}
     uint G1ConcRefinementThreads                  = 10                                        {product} {ergonomic}
   size_t G1HeapRegionSize                         = 2097152                                   {product} {ergonomic}
    uintx GCDrainStackTargetSize                   = 64                                        {product} {ergonomic}
   size_t InitialHeapSize                          = 260046848                                 {product} {ergonomic}
     bool ManagementServer                         = true                                      {product} {command line}
   size_t MarkStackSize                            = 4194304                                   {product} {ergonomic}
   size_t MaxHeapSize                              = 4148166656                                {product} {ergonomic}
   size_t MaxNewSize                               = 2487222272                                {product} {ergonomic}
   size_t MinHeapDeltaBytes                        = 2097152                                   {product} {ergonomic}
   size_t MinHeapSize                              = 8388608                                   {product} {ergonomic}
    uintx NonProfiledCodeHeapSize                  = 0                                      {pd product} {ergonomic}
     bool ProfileInterpreter                       = false                                  {pd product} {command line}
    uintx ProfiledCodeHeapSize                     = 0                                      {pd product} {ergonomic}
     bool ShowCodeDetailsInExceptionMessages       = true                                   {manageable} {command line}
   size_t SoftMaxHeapSize                          = 4148166656                             {manageable} {ergonomic}
     intx TieredStopAtLevel                        = 1                                         {product} {command line}
     bool UseCompressedClassPointers               = true                           {product lp64_product} {ergonomic}
     bool UseCompressedOops                        = true                           {product lp64_product} {ergonomic}
     bool UseG1GC                                  = true                                      {product} {ergonomic}
     bool UseLargePagesIndividualAllocation        = false                                  {pd product} {ergonomic}

Logging:
Log output configuration:
 #0: stdout all=warning uptime,level,tags
 #1: stderr all=off uptime,level,tags

Environment Variables:
JAVA_HOME=C:\Program Files\Java\jdk1.8.0_181
CLASSPATH=C:\Program Files\Java\jdk1.8.0_181\lib
PATH=C:\oraclexe\app\oracle\product\10.2.0\server\bin;C:\Program Files\Common Files\Oracle\Java\javapath;C:\windows\system32;C:\windows;C:\windows\System32\Wbem;C:\windows\System32\WindowsPowerShell\v1.0\;C:\windows\System32\OpenSSH\;C:\Program Files\Java\jdk1.8.0_181\bin\;C:\Program Files\Bandizip\;C:\Program Files\Git\cmd;C:\Program Files\MySQL\MySQL Shell 8.0\bin\;C:\Users\ghdtj\AppData\Local\Microsoft\WindowsApps;;C:\Program Files\JetBrains\IntelliJ IDEA Educational Edition 2022.1\bin;
USERNAME=ghdtj
OS=Windows_NT
PROCESSOR_IDENTIFIER=AMD64 Family 23 Model 96 Stepping 1, AuthenticAMD



---------------  S Y S T E M  ---------------

OS:
 Windows 10 , 64 bit Build 19041 (10.0.19041.1706)
OS uptime: 10 days 11:03 hours
Hyper-V role detected

CPU: total 12 (initial active 12) (12 cores per cpu, 2 threads per core) family 23 model 96 stepping 1 microcode 0x0, cx8, cmov, fxsr, ht, mmx, 3dnowpref, sse, sse2, sse3, ssse3, sse4a, sse4.1, sse4.2, popcnt, lzcnt, tsc, tscinvbit, avx, avx2, aes, clmul, bmi1, bmi2, adx, sha, fma, vzeroupper, clflush, clflushopt, hv

Memory: 4k page, system-wide physical 15823M (3639M free)
TotalPageFile size 46068M (AvailPageFile size 6M)
current process WorkingSet (physical memory assigned to process): 302M, peak: 563M
current process commit charge ("private bytes"): 394M, peak: 676M

vm_info: Java HotSpot(TM) 64-Bit Server VM (17.0.3.1+2-LTS-6) for windows-amd64 JRE (17.0.3.1+2-LTS-6), built on Apr 25 2022 22:04:21 by "mach5one" with MS VC++ 16.8 / 16.9 (VS2019)

END.
